<?xml version="1.0" encoding="UTF-8"?>
<testng-results skipped="0" failed="0" ignored="0" total="1" passed="1">
  <reporter-output>
  </reporter-output>
  <suite name="Default suite" duration-ms="4956" started-at="2020-07-11T08:28:40 IST" finished-at="2020-07-11T08:28:45 IST">
    <groups>
    </groups>
    <test name="Default test" duration-ms="4956" started-at="2020-07-11T08:28:40 IST" finished-at="2020-07-11T08:28:45 IST">
      <class name="TestCases.TestCase003">
        <test-method status="PASS" signature="beforeTest()[pri:0, instance:TestCases.TestCase003@578486a3]" name="beforeTest" is-config="true" duration-ms="12295" started-at="2020-07-11T08:28:28 IST" finished-at="2020-07-11T08:28:40 IST">
          <reporter-output>
          </reporter-output>
        </test-method> <!-- beforeTest -->
        <test-method status="PASS" signature="checkForm()[pri:0, instance:TestCases.TestCase003@578486a3]" name="checkForm" duration-ms="4900" started-at="2020-07-11T08:28:40 IST" finished-at="2020-07-11T08:28:45 IST">
          <reporter-output>
          </reporter-output>
        </test-method> <!-- checkForm -->
        <test-method status="PASS" signature="afterTest()[pri:0, instance:TestCases.TestCase003@578486a3]" name="afterTest" is-config="true" duration-ms="2653" started-at="2020-07-11T08:28:46 IST" finished-at="2020-07-11T08:28:48 IST">
          <reporter-output>
          </reporter-output>
        </test-method> <!-- afterTest -->
      </class> <!-- TestCases.TestCase003 -->
    </test> <!-- Default test -->
  </suite> <!-- Default suite -->
</testng-results>
